\BOOKMARK [0][]{chapter.1}{\376\377\0001\000\040\000H\000e\000d\000g\000i\000n\000g\000\040\000w\000i\000t\000h\000\040\000f\000u\000t\000u\000r\000e\000s}{}% 1
\BOOKMARK [1][]{section.1.1}{\376\377\0001\000.\0001\000\040\000B\000a\000s\000i\000s\116\016\000\040\000B\000a\000s\000i\000s\000\040\000R\000i\000s\000k}{chapter.1}% 2
\BOOKMARK [1][]{section.1.2}{\376\377\0001\000.\0002\000\040\147\000\117\030\133\371\121\262\153\324\163\207}{chapter.1}% 3
\BOOKMARK [1][]{section.1.3}{\376\377\0001\000.\0003\000\040\000B\000e\000t\000a\145\271\154\325\116\016\000R\000h\000o\145\271\154\325\166\204\145\160\133\146\121\163\174\373\116\016\217\154\143\142}{chapter.1}% 4
\BOOKMARK [0][]{chapter.2}{\376\377\0002\000\040\000I\000n\000t\000e\000r\000e\000s\000t\000\040\000R\000a\000t\000e}{}% 5
\BOOKMARK [1][]{section.2.1}{\376\377\0002\000.\0001\000\040\000R\000a\000t\000e\000s}{chapter.2}% 6
\BOOKMARK [1][]{section.2.2}{\376\377\0002\000.\0002\000\040\200\124\220\246\127\372\221\321\122\051\163\207\166\204\215\047\136\001\145\077\173\126\117\040\133\374\147\072\122\066}{chapter.2}% 7
\BOOKMARK [1][]{section.2.3}{\376\377\0002\000.\0003\000\040\122\051\163\207\217\154\143\142\121\154\137\017\213\346\211\343}{chapter.2}% 8
\BOOKMARK [1][]{section.2.4}{\376\377\0002\000.\0004\000\040\000Y\000i\000l\000e\000d}{chapter.2}% 9
\BOOKMARK [1][]{section.2.5}{\376\377\0002\000.\0005\000\040\136\070\211\301\166\204\145\066\166\312\163\207\377\010\000Y\000i\000e\000l\000d\377\011\174\173\127\213\213\346\211\343}{chapter.2}% 10
\BOOKMARK [1][]{section.2.6}{\376\377\0002\000.\0006\000\040\000B\000o\000o\000t\000s\000t\000r\000a\000p\145\271\154\325\213\346\211\343}{chapter.2}% 11
\BOOKMARK [1][]{section.2.7}{\376\377\0002\000.\0007\000\040\000F\000o\000r\000w\000a\000r\000d\000\040\000R\000a\000t\000e\000\040\116\016\167\254\145\366\217\334\147\037\122\051\163\207\166\204\143\250\133\374\116\016\211\343\221\312}{chapter.2}% 12
\BOOKMARK [0][]{chapter.3}{\376\377\0003\000\040\000D\000u\000r\000a\000t\000i\000o\000n}{}% 13
\BOOKMARK [1][]{section.3.1}{\376\377\0003\000.\0001\000\040\000K\000e\000y\000\040\000D\000u\000r\000a\000t\000i\000o\000n\000\040\000R\000e\000l\000a\000t\000i\000o\000n\000s\000h\000i\000p}{chapter.3}% 14
\BOOKMARK [1][]{section.3.2}{\376\377\0003\000.\0002\000\040\120\072\122\070\121\370\140\047\000\040\000\050\000B\000o\000n\000d\000\040\000C\000o\000n\000v\000e\000x\000i\000t\000y\000\051}{chapter.3}% 15
\BOOKMARK [1][]{section.3.3}{\376\377\0003\000.\0003\000\040\0002\0000\136\164\147\037\126\375\120\072\116\367\150\074\123\330\123\026\213\241\173\227\143\250\133\374}{chapter.3}% 16
\BOOKMARK [0][]{chapter.4}{\376\377\0004\000\040\000D\000e\000t\000e\000r\000m\000i\000n\000a\000t\000i\000o\000n\000\040\000o\000f\000\040\000F\000o\000r\000w\000a\000r\000d\000\040\000a\000n\000d\000\040\000F\000u\000t\000u\000r\000e\000\040\000P\000r\000i\000c\000e}{}% 17
\BOOKMARK [1][]{section.4.1}{\376\377\0004\000.\0001\000\040\147\037\215\047\116\247\124\301\133\232\116\367}{chapter.4}% 18
\BOOKMARK [1][]{section.4.2}{\376\377\0004\000.\0002\000\040\127\372\147\054\121\154\137\017}{chapter.4}% 19
\BOOKMARK [1][]{section.4.3}{\376\377\0004\000.\0003\000\040\145\160\133\146\143\250\133\374}{chapter.4}% 20
\BOOKMARK [1][]{section.4.4}{\376\377\0004\000.\0004\000\040\176\317\155\116\211\343\221\312}{chapter.4}% 21
\BOOKMARK [1][]{section.4.5}{\376\377\0004\000.\0005\000\040\133\236\226\105\136\224\165\050}{chapter.4}% 22
\BOOKMARK [1][]{section.4.6}{\376\377\0004\000.\0006\000\040\140\073\176\323}{chapter.4}% 23
\BOOKMARK [1][]{section.4.7}{\376\377\0004\000.\0007\000\040\217\334\147\037\124\010\176\246\117\060\120\074}{chapter.4}% 24
\BOOKMARK [1][]{section.4.8}{\376\377\0004\000.\0008\000\040\163\260\215\047\116\016\217\334\147\037\060\001\147\037\215\047\116\367\150\074\166\204\133\232\116\367\121\163\174\373\211\343\147\220}{chapter.4}% 25
\BOOKMARK [0][]{chapter.5}{\376\377\0005\000\040\000i\000n\000t\000e\000r\000e\000s\000t\000\040\000r\000a\000t\000e\000\040\000F\000u\000t\000u\000r\000e\000s}{}% 26
\BOOKMARK [1][]{section.5.1}{\376\377\0005\000.\0001\000\040\121\154\137\017\116\313\176\315\000\040\000\050\000F\000o\000r\000m\000u\000l\000a\000\040\000I\000n\000t\000r\000o\000d\000u\000c\000t\000i\000o\000n\000\051}{chapter.5}% 27
\BOOKMARK [1][]{section.5.2}{\376\377\0005\000.\0002\000\040\121\154\137\017\143\250\133\374\000\040\000\050\000F\000o\000r\000m\000u\000l\000a\000\040\000D\000e\000r\000i\000v\000a\000t\000i\000o\000n\000\051}{chapter.5}% 28
\BOOKMARK [1][]{section.5.3}{\376\377\0005\000.\0003\000\040\121\154\137\017\136\224\165\050\171\072\117\213\000\040\000\050\000A\000p\000p\000l\000i\000c\000a\000t\000i\000o\000n\000\040\000E\000x\000a\000m\000p\000l\000e\000s\000\051}{chapter.5}% 29
\BOOKMARK [1][]{section.5.4}{\376\377\0005\000.\0004\000\040\121\154\137\017\162\171\160\271\122\006\147\220\000\040\000\050\000F\000o\000r\000m\000u\000l\000a\000\040\000A\000n\000a\000l\000y\000s\000i\000s\000\051}{chapter.5}% 30
\BOOKMARK [1][]{section.5.5}{\376\377\0005\000.\0005\000\040\133\236\226\105\136\224\165\050\154\350\141\017\116\213\230\171\000\040\000\050\000P\000r\000a\000c\000t\000i\000c\000a\000l\000\040\000C\000o\000n\000s\000i\000d\000e\000r\000a\000t\000i\000o\000n\000s\000\051}{chapter.5}% 31
\BOOKMARK [1][]{section.5.6}{\376\377\0005\000.\0006\000\040\116\016\121\166\116\326\221\321\207\215\135\345\121\167\166\204\153\324\217\203\000\040\000\050\000C\000o\000m\000p\000a\000r\000i\000s\000o\000n\000\040\000w\000i\000t\000h\000\040\000O\000t\000h\000e\000r\000\040\000I\000n\000s\000t\000r\000u\000m\000e\000n\000t\000s\000\051}{chapter.5}% 32
\BOOKMARK [1][]{section.5.7}{\376\377\0005\000.\0007\000\040\176\323\213\272\000\040\000\050\000C\000o\000n\000c\000l\000u\000s\000i\000o\000n\000\051}{chapter.5}% 33
